Using pre-set license
Built from '2021.2/staging' branch; Version is '2021.2.10f1 (ee872746220e) revision 15632167'; Using compiler version '192829333'; Build Type 'Release'
OS: 'Windows 10  (10.0.19044) 64bit Professional' Language: 'en' Physical Memory: 32535 MB
BatchMode: 1, IsHumanControllingUs: 0, StartBugReporterOnCrash: 0, Is64bit: 1, IsPro: 0

COMMAND LINE ARGUMENTS:
C:\Program Files\Unity\Hub\Editor\2021.2.10f1\Editor\Unity.exe
-adb2
-batchMode
-noUpm
-name
AssetImportWorker0
-projectPath
C:/Users/aiden/Kitten-Enterprice/Kitten Enterprise
-logFile
Logs/AssetImportWorker0.log
-srvPort
57611
Successfully changed project path to: C:/Users/aiden/Kitten-Enterprice/Kitten Enterprise
C:/Users/aiden/Kitten-Enterprice/Kitten Enterprise
[UnityMemory] Configuration Parameters - Can be set up in boot.config
    "memorysetup-bucket-allocator-granularity=16"
    "memorysetup-bucket-allocator-bucket-count=8"
    "memorysetup-bucket-allocator-block-size=33554432"
    "memorysetup-bucket-allocator-block-count=8"
    "memorysetup-main-allocator-block-size=16777216"
    "memorysetup-thread-allocator-block-size=16777216"
    "memorysetup-gfx-main-allocator-block-size=16777216"
    "memorysetup-gfx-thread-allocator-block-size=16777216"
    "memorysetup-cache-allocator-block-size=4194304"
    "memorysetup-typetree-allocator-block-size=2097152"
    "memorysetup-profiler-bucket-allocator-granularity=16"
    "memorysetup-profiler-bucket-allocator-bucket-count=8"
    "memorysetup-profiler-bucket-allocator-block-size=33554432"
    "memorysetup-profiler-bucket-allocator-block-count=8"
    "memorysetup-profiler-allocator-block-size=16777216"
    "memorysetup-profiler-editor-allocator-block-size=1048576"
    "memorysetup-temp-allocator-size-main=16777216"
    "memorysetup-job-temp-allocator-block-size=2097152"
    "memorysetup-job-temp-allocator-block-size-background=1048576"
    "memorysetup-job-temp-allocator-reduction-small-platforms=262144"
    "memorysetup-temp-allocator-size-background-worker=32768"
    "memorysetup-temp-allocator-size-job-worker=262144"
    "memorysetup-temp-allocator-size-preload-manager=33554432"
    "memorysetup-temp-allocator-size-nav-mesh-worker=65536"
    "memorysetup-temp-allocator-size-audio-worker=65536"
    "memorysetup-temp-allocator-size-cloud-worker=32768"
    "memorysetup-temp-allocator-size-gi-baking-worker=262144"
    "memorysetup-temp-allocator-size-gfx=262144"
Refreshing native plugins compatible for Editor in 85.46 ms, found 3 plugins.
Preloading 0 native plugins for Editor in 0.00 ms.
Initialize engine version: 2021.2.10f1 (ee872746220e)
[Subsystems] Discovering subsystems at path C:/Program Files/Unity/Hub/Editor/2021.2.10f1/Editor/Data/Resources/UnitySubsystems
[Subsystems] Discovering subsystems at path C:/Users/aiden/Kitten-Enterprice/Kitten Enterprise/Assets
GfxDevice: creating device client; threaded=0; jobified=0
Direct3D:
    Version:  Direct3D 11.0 [level 11.1]
    Renderer: NVIDIA GeForce RTX 2060 with Max-Q Design (ID=0x1f12)
    Vendor:   NVIDIA
    VRAM:     5980 MB
    Driver:   30.0.14.9733
Initialize mono
Mono path[0] = 'C:/Program Files/Unity/Hub/Editor/2021.2.10f1/Editor/Data/Managed'
Mono path[1] = 'C:/Program Files/Unity/Hub/Editor/2021.2.10f1/Editor/Data/MonoBleedingEdge/lib/mono/unityjit-win32'
Mono config path = 'C:/Program Files/Unity/Hub/Editor/2021.2.10f1/Editor/Data/MonoBleedingEdge/etc'
Using monoOptions --debugger-agent=transport=dt_socket,embedding=1,server=y,suspend=n,address=127.0.0.1:56896
Begin MonoManager ReloadAssembly
Registering precompiled unity dll's ...
Register platform support module: C:/Program Files/Unity/Hub/Editor/2021.2.10f1/Editor/Data/PlaybackEngines/WindowsStandaloneSupport/UnityEditor.WindowsStandalone.Extensions.dll
Registered in 0.009157 seconds.
Native extension for WindowsStandalone target not found
Refreshing native plugins compatible for Editor in 93.79 ms, found 3 plugins.
Preloading 0 native plugins for Editor in 0.00 ms.
Mono: successfully reloaded assembly
- Completed reload, in  0.632 seconds
Domain Reload Profiling:
	ReloadAssembly (633ms)
		BeginReloadAssembly (74ms)
			ExecutionOrderSort (0ms)
			DisableScriptedObjects (0ms)
			BackupInstance (0ms)
			ReleaseScriptingObjects (0ms)
			CreateAndSetChildDomain (1ms)
		EndReloadAssembly (474ms)
			LoadAssemblies (72ms)
			RebuildTransferFunctionScriptingTraits (0ms)
			SetupTypeCache (99ms)
			ReleaseScriptCaches (0ms)
			RebuildScriptCaches (27ms)
			SetupLoadedEditorAssemblies (294ms)
				LogAssemblyErrors (0ms)
				InitializePlatformSupportModulesInManaged (15ms)
				SetLoadedEditorAssemblies (0ms)
				RefreshPlugins (94ms)
				BeforeProcessingInitializeOnLoad (1ms)
				ProcessInitializeOnLoadAttributes (140ms)
				ProcessInitializeOnLoadMethodAttributes (43ms)
				AfterProcessingInitializeOnLoad (0ms)
				EditorAssembliesLoaded (0ms)
			ExecutionOrderSort2 (0ms)
			AwakeInstancesAfterBackupRestoration (0ms)
Platform modules already initialized, skipping
Registering precompiled user dll's ...
Registered in 0.007864 seconds.
Begin MonoManager ReloadAssembly
Symbol file LoadedFromMemory doesn't match image C:\Users\aiden\Kitten-Enterprice\Kitten Enterprise\Library\PackageCache\com.unity.visualscripting@1.7.6\Editor\VisualScripting.Core\Dependencies\YamlDotNet\Unity.VisualScripting.YamlDotNet.dll
Symbol file LoadedFromMemory doesn't match image C:\Users\aiden\Kitten-Enterprice\Kitten Enterprise\Library\PackageCache\com.unity.visualscripting@1.7.6\Editor\VisualScripting.Core\Dependencies\DotNetZip\Unity.VisualScripting.IonicZip.dll
Native extension for WindowsStandalone target not found
Refreshing native plugins compatible for Editor in 87.94 ms, found 3 plugins.
Preloading 0 native plugins for Editor in 0.00 ms.
Mono: successfully reloaded assembly
- Completed reload, in  1.159 seconds
Domain Reload Profiling:
	ReloadAssembly (1160ms)
		BeginReloadAssembly (107ms)
			ExecutionOrderSort (0ms)
			DisableScriptedObjects (5ms)
			BackupInstance (0ms)
			ReleaseScriptingObjects (0ms)
			CreateAndSetChildDomain (18ms)
		EndReloadAssembly (956ms)
			LoadAssemblies (80ms)
			RebuildTransferFunctionScriptingTraits (0ms)
			SetupTypeCache (262ms)
			ReleaseScriptCaches (1ms)
			RebuildScriptCaches (58ms)
			SetupLoadedEditorAssemblies (519ms)
				LogAssemblyErrors (0ms)
				InitializePlatformSupportModulesInManaged (11ms)
				SetLoadedEditorAssemblies (0ms)
				RefreshPlugins (88ms)
				BeforeProcessingInitializeOnLoad (93ms)
				ProcessInitializeOnLoadAttributes (295ms)
				ProcessInitializeOnLoadMethodAttributes (19ms)
				AfterProcessingInitializeOnLoad (13ms)
				EditorAssembliesLoaded (0ms)
			ExecutionOrderSort2 (0ms)
			AwakeInstancesAfterBackupRestoration (5ms)
Platform modules already initialized, skipping
========================================================================
Worker process is ready to serve import requests
Launched and connected shader compiler UnityShaderCompiler.exe after 0.04 seconds
Refreshing native plugins compatible for Editor in 0.81 ms, found 3 plugins.
Preloading 0 native plugins for Editor in 0.00 ms.
Unloading 3721 Unused Serialized files (Serialized files now loaded: 0)
Unloading 43 unused Assets / (182.9 KB). Loaded Objects now: 4177.
Memory consumption went from 133.0 MB to 132.8 MB.
Total: 4.517900 ms (FindLiveObjects: 0.463900 ms CreateObjectMapping: 0.622000 ms MarkObjects: 3.321300 ms  DeleteObjects: 0.109900 ms)

AssetImportParameters requested are different than current active one (requested -> active):
  custom:video-decoder-ogg-theora: a1e56fd34408186e4bbccfd4996cb3dc -> 
  custom:container-muxer-webm: aa71ff27fc2769a1b78a27578f13a17b -> 
  custom:container-demuxer-webm: 4f35f7cbe854078d1ac9338744f61a02 -> 
  custom:video-encoder-webm-vp8: eb34c28f22e8b96e1ab97ce403110664 -> 
  custom:video-codec-MediaFoundation-h265: 746d11721c4dcdbdad8f713fa42b33f4 -> 
  custom:audio-encoder-webm-vorbis: bf7c407c2cedff20999df2af8eb42d56 -> 
  custom:framework-win-MediaFoundation: 216162199b28c13a410421893ffa2e32 -> 
  custom:container-demuxer-ogg: 62fdf1f143b41e24485cea50d1cbac27 -> 
  custom:video-decoder-webm-vp8: 9c59270c3fd7afecdb556c50c9e8de78 -> 
  custom:audio-decoder-ogg-vorbis: bf7c407c2cedff20999df2af8eb42d56 -> 
========================================================================
Received Import Request.
  Time since last request: 38994.033380 seconds.
  path: Assets/New Material.mat
  artifactKey: Guid(3b0df37390ecd944b83896e1ba6106fc) Importer(815301076,1909f56bfc062723c751e8b465ee728b)
Start importing Assets/New Material.mat using Guid(3b0df37390ecd944b83896e1ba6106fc) Importer(815301076,1909f56bfc062723c751e8b465ee728b)  -> (artifact id: '6c1b1f427dac8759cfaac3ea96f50831') in 0.119882 seconds 
========================================================================
Received Prepare
Registering precompiled user dll's ...
Registered in 0.009331 seconds.
Begin MonoManager ReloadAssembly
Symbol file LoadedFromMemory doesn't match image C:\Users\aiden\Kitten-Enterprice\Kitten Enterprise\Library\PackageCache\com.unity.visualscripting@1.7.6\Editor\VisualScripting.Core\Dependencies\YamlDotNet\Unity.VisualScripting.YamlDotNet.dll
Symbol file LoadedFromMemory doesn't match image C:\Users\aiden\Kitten-Enterprice\Kitten Enterprise\Library\PackageCache\com.unity.visualscripting@1.7.6\Editor\VisualScripting.Core\Dependencies\DotNetZip\Unity.VisualScripting.IonicZip.dll
Native extension for WindowsStandalone target not found
Refreshing native plugins compatible for Editor in 0.87 ms, found 3 plugins.
Preloading 0 native plugins for Editor in 0.00 ms.
Mono: successfully reloaded assembly
- Completed reload, in  1.184 seconds
Domain Reload Profiling:
	ReloadAssembly (1185ms)
		BeginReloadAssembly (132ms)
			ExecutionOrderSort (0ms)
			DisableScriptedObjects (4ms)
			BackupInstance (0ms)
			ReleaseScriptingObjects (0ms)
			CreateAndSetChildDomain (36ms)
		EndReloadAssembly (955ms)
			LoadAssemblies (79ms)
			RebuildTransferFunctionScriptingTraits (0ms)
			SetupTypeCache (296ms)
			ReleaseScriptCaches (1ms)
			RebuildScriptCaches (58ms)
			SetupLoadedEditorAssemblies (461ms)
				LogAssemblyErrors (0ms)
				InitializePlatformSupportModulesInManaged (16ms)
				SetLoadedEditorAssemblies (1ms)
				RefreshPlugins (1ms)
				BeforeProcessingInitializeOnLoad (85ms)
				ProcessInitializeOnLoadAttributes (318ms)
				ProcessInitializeOnLoadMethodAttributes (28ms)
				AfterProcessingInitializeOnLoad (11ms)
				EditorAssembliesLoaded (0ms)
			ExecutionOrderSort2 (0ms)
			AwakeInstancesAfterBackupRestoration (7ms)
Platform modules already initialized, skipping
Refreshing native plugins compatible for Editor in 0.99 ms, found 3 plugins.
Preloading 0 native plugins for Editor in 0.00 ms.
Unloading 3716 Unused Serialized files (Serialized files now loaded: 0)
Unloading 24 unused Assets / (149.9 KB). Loaded Objects now: 4231.
Memory consumption went from 137.5 MB to 137.3 MB.
Total: 3.803000 ms (FindLiveObjects: 0.681200 ms CreateObjectMapping: 0.546300 ms MarkObjects: 2.450600 ms  DeleteObjects: 0.124100 ms)

AssetImportParameters requested are different than current active one (requested -> active):
  custom:video-decoder-ogg-theora: a1e56fd34408186e4bbccfd4996cb3dc -> 
  custom:container-muxer-webm: aa71ff27fc2769a1b78a27578f13a17b -> 
  custom:container-demuxer-webm: 4f35f7cbe854078d1ac9338744f61a02 -> 
  custom:video-encoder-webm-vp8: eb34c28f22e8b96e1ab97ce403110664 -> 
  custom:video-codec-MediaFoundation-h265: 746d11721c4dcdbdad8f713fa42b33f4 -> 
  custom:audio-encoder-webm-vorbis: bf7c407c2cedff20999df2af8eb42d56 -> 
  custom:framework-win-MediaFoundation: 216162199b28c13a410421893ffa2e32 -> 
  custom:container-demuxer-ogg: 62fdf1f143b41e24485cea50d1cbac27 -> 
  custom:video-decoder-webm-vp8: 9c59270c3fd7afecdb556c50c9e8de78 -> 
  custom:audio-decoder-ogg-vorbis: bf7c407c2cedff20999df2af8eb42d56 -> 
========================================================================
Received Import Request.
  Time since last request: 103.845525 seconds.
  path: Assets/Level Building Blocks
  artifactKey: Guid(fd1d46f3c71e7ee47aab7e2ef96afef5) Importer(815301076,1909f56bfc062723c751e8b465ee728b)
Start importing Assets/Level Building Blocks using Guid(fd1d46f3c71e7ee47aab7e2ef96afef5) Importer(815301076,1909f56bfc062723c751e8b465ee728b)  -> (artifact id: '470165d8c15ea069a56d5604bb27181e') in 0.010163 seconds 
========================================================================
Received Import Request.
  Time since last request: 1.484690 seconds.
  path: Assets/Big Mode
  artifactKey: Guid(a73db4045ccf6a6449618d8ff40421c2) Importer(815301076,1909f56bfc062723c751e8b465ee728b)
Start importing Assets/Big Mode using Guid(a73db4045ccf6a6449618d8ff40421c2) Importer(815301076,1909f56bfc062723c751e8b465ee728b)  -> (artifact id: '8f3e7ab244a4ee6fca6bf88aa00c32c2') in 0.006494 seconds 
========================================================================
Received Import Request.
  Time since last request: 1.127981 seconds.
  path: Assets/Player
  artifactKey: Guid(36df4b47b11a4974889a3dee1c8abd56) Importer(815301076,1909f56bfc062723c751e8b465ee728b)
Start importing Assets/Player using Guid(36df4b47b11a4974889a3dee1c8abd56) Importer(815301076,1909f56bfc062723c751e8b465ee728b)  -> (artifact id: '064004c3c31d80638e965cb67d9fed57') in 0.005661 seconds 
========================================================================
Received Import Request.
  Time since last request: 0.019784 seconds.
  path: Assets/Player/PlayerInput.inputactions
  artifactKey: Guid(cd806868fdeed69478d14b61b21e6362) Importer(815301076,1909f56bfc062723c751e8b465ee728b)
Start importing Assets/Player/PlayerInput.inputactions using Guid(cd806868fdeed69478d14b61b21e6362) Importer(815301076,1909f56bfc062723c751e8b465ee728b)  -> (artifact id: '1fcbd62152e44a014286d5834973af57') in 0.019848 seconds 
========================================================================
Received Import Request.
  Time since last request: 8.344780 seconds.
  path: Assets/Player/NewBehaviourScript.cs
  artifactKey: Guid(65aedb96fad88c440897e886dd3371c5) Importer(815301076,1909f56bfc062723c751e8b465ee728b)
Start importing Assets/Player/NewBehaviourScript.cs using Guid(65aedb96fad88c440897e886dd3371c5) Importer(815301076,1909f56bfc062723c751e8b465ee728b)  -> (artifact id: 'f25a66255a8d5c825ad9cf0afaa36cc9') in 0.014573 seconds 
========================================================================
Received Prepare
Registering precompiled user dll's ...
Registered in 0.009477 seconds.
Begin MonoManager ReloadAssembly
Symbol file LoadedFromMemory doesn't match image C:\Users\aiden\Kitten-Enterprice\Kitten Enterprise\Library\PackageCache\com.unity.visualscripting@1.7.6\Editor\VisualScripting.Core\Dependencies\YamlDotNet\Unity.VisualScripting.YamlDotNet.dll
Symbol file LoadedFromMemory doesn't match image C:\Users\aiden\Kitten-Enterprice\Kitten Enterprise\Library\PackageCache\com.unity.visualscripting@1.7.6\Editor\VisualScripting.Core\Dependencies\DotNetZip\Unity.VisualScripting.IonicZip.dll
Native extension for WindowsStandalone target not found
Refreshing native plugins compatible for Editor in 0.72 ms, found 3 plugins.
Preloading 0 native plugins for Editor in 0.00 ms.
Mono: successfully reloaded assembly
- Completed reload, in  0.982 seconds
Domain Reload Profiling:
	ReloadAssembly (982ms)
		BeginReloadAssembly (131ms)
			ExecutionOrderSort (0ms)
			DisableScriptedObjects (4ms)
			BackupInstance (0ms)
			ReleaseScriptingObjects (0ms)
			CreateAndSetChildDomain (34ms)
		EndReloadAssembly (750ms)
			LoadAssemblies (88ms)
			RebuildTransferFunctionScriptingTraits (0ms)
			SetupTypeCache (256ms)
			ReleaseScriptCaches (1ms)
			RebuildScriptCaches (36ms)
			SetupLoadedEditorAssemblies (341ms)
				LogAssemblyErrors (0ms)
				InitializePlatformSupportModulesInManaged (13ms)
				SetLoadedEditorAssemblies (0ms)
				RefreshPlugins (1ms)
				BeforeProcessingInitializeOnLoad (63ms)
				ProcessInitializeOnLoadAttributes (235ms)
				ProcessInitializeOnLoadMethodAttributes (19ms)
				AfterProcessingInitializeOnLoad (9ms)
				EditorAssembliesLoaded (0ms)
			ExecutionOrderSort2 (0ms)
			AwakeInstancesAfterBackupRestoration (4ms)
Platform modules already initialized, skipping
Refreshing native plugins compatible for Editor in 0.55 ms, found 3 plugins.
Preloading 0 native plugins for Editor in 0.00 ms.
Unloading 3715 Unused Serialized files (Serialized files now loaded: 0)
Unloading 24 unused Assets / (149.7 KB). Loaded Objects now: 4245.
Memory consumption went from 137.5 MB to 137.3 MB.
Total: 2.963100 ms (FindLiveObjects: 0.274500 ms CreateObjectMapping: 0.245900 ms MarkObjects: 2.355200 ms  DeleteObjects: 0.086700 ms)

AssetImportParameters requested are different than current active one (requested -> active):
  custom:video-decoder-ogg-theora: a1e56fd34408186e4bbccfd4996cb3dc -> 
  custom:container-muxer-webm: aa71ff27fc2769a1b78a27578f13a17b -> 
  custom:container-demuxer-webm: 4f35f7cbe854078d1ac9338744f61a02 -> 
  custom:video-encoder-webm-vp8: eb34c28f22e8b96e1ab97ce403110664 -> 
  custom:video-codec-MediaFoundation-h265: 746d11721c4dcdbdad8f713fa42b33f4 -> 
  custom:audio-encoder-webm-vorbis: bf7c407c2cedff20999df2af8eb42d56 -> 
  custom:framework-win-MediaFoundation: 216162199b28c13a410421893ffa2e32 -> 
  custom:container-demuxer-ogg: 62fdf1f143b41e24485cea50d1cbac27 -> 
  custom:video-decoder-webm-vp8: 9c59270c3fd7afecdb556c50c9e8de78 -> 
  custom:audio-decoder-ogg-vorbis: bf7c407c2cedff20999df2af8eb42d56 -> 
========================================================================
Received Import Request.
  Time since last request: 15.158001 seconds.
  path: Assets/Player/PlayerInput.inputactions
  artifactKey: Guid(cd806868fdeed69478d14b61b21e6362) Importer(815301076,1909f56bfc062723c751e8b465ee728b)
Start importing Assets/Player/PlayerInput.inputactions using Guid(cd806868fdeed69478d14b61b21e6362) Importer(815301076,1909f56bfc062723c751e8b465ee728b)  -> (artifact id: '389a9c482bcddbaec753f68c65d4e078') in 0.017870 seconds 
========================================================================
Received Import Request.
  Time since last request: 3.251027 seconds.
  path: Assets/Player/PlayerInput.inputactions
  artifactKey: Guid(cd806868fdeed69478d14b61b21e6362) Importer(815301076,1909f56bfc062723c751e8b465ee728b)
Start importing Assets/Player/PlayerInput.inputactions using Guid(cd806868fdeed69478d14b61b21e6362) Importer(815301076,1909f56bfc062723c751e8b465ee728b)  -> (artifact id: '2da6f11eb7928c215b9a6f0e6af272ba') in 0.003606 seconds 
========================================================================
Received Prepare
Registering precompiled user dll's ...
Registered in 0.008743 seconds.
Begin MonoManager ReloadAssembly
Symbol file LoadedFromMemory doesn't match image C:\Users\aiden\Kitten-Enterprice\Kitten Enterprise\Library\PackageCache\com.unity.visualscripting@1.7.6\Editor\VisualScripting.Core\Dependencies\YamlDotNet\Unity.VisualScripting.YamlDotNet.dll
Symbol file LoadedFromMemory doesn't match image C:\Users\aiden\Kitten-Enterprice\Kitten Enterprise\Library\PackageCache\com.unity.visualscripting@1.7.6\Editor\VisualScripting.Core\Dependencies\DotNetZip\Unity.VisualScripting.IonicZip.dll
Native extension for WindowsStandalone target not found
Refreshing native plugins compatible for Editor in 1.01 ms, found 3 plugins.
Preloading 0 native plugins for Editor in 0.00 ms.
Mono: successfully reloaded assembly
- Completed reload, in  1.160 seconds
Domain Reload Profiling:
	ReloadAssembly (1161ms)
		BeginReloadAssembly (130ms)
			ExecutionOrderSort (0ms)
			DisableScriptedObjects (5ms)
			BackupInstance (0ms)
			ReleaseScriptingObjects (0ms)
			CreateAndSetChildDomain (33ms)
		EndReloadAssembly (930ms)
			LoadAssemblies (81ms)
			RebuildTransferFunctionScriptingTraits (0ms)
			SetupTypeCache (285ms)
			ReleaseScriptCaches (2ms)
			RebuildScriptCaches (55ms)
			SetupLoadedEditorAssemblies (448ms)
				LogAssemblyErrors (0ms)
				InitializePlatformSupportModulesInManaged (15ms)
				SetLoadedEditorAssemblies (0ms)
				RefreshPlugins (1ms)
				BeforeProcessingInitializeOnLoad (81ms)
				ProcessInitializeOnLoadAttributes (314ms)
				ProcessInitializeOnLoadMethodAttributes (25ms)
				AfterProcessingInitializeOnLoad (12ms)
				EditorAssembliesLoaded (0ms)
			ExecutionOrderSort2 (0ms)
			AwakeInstancesAfterBackupRestoration (7ms)
Platform modules already initialized, skipping
Refreshing native plugins compatible for Editor in 0.75 ms, found 3 plugins.
Preloading 0 native plugins for Editor in 0.00 ms.
Unloading 3715 Unused Serialized files (Serialized files now loaded: 0)
Unloading 24 unused Assets / (149.8 KB). Loaded Objects now: 4259.
Memory consumption went from 137.5 MB to 137.3 MB.
Total: 3.697500 ms (FindLiveObjects: 0.488200 ms CreateObjectMapping: 0.513800 ms MarkObjects: 2.587600 ms  DeleteObjects: 0.106700 ms)

AssetImportParameters requested are different than current active one (requested -> active):
  custom:video-decoder-ogg-theora: a1e56fd34408186e4bbccfd4996cb3dc -> 
  custom:container-muxer-webm: aa71ff27fc2769a1b78a27578f13a17b -> 
  custom:container-demuxer-webm: 4f35f7cbe854078d1ac9338744f61a02 -> 
  custom:video-encoder-webm-vp8: eb34c28f22e8b96e1ab97ce403110664 -> 
  custom:video-codec-MediaFoundation-h265: 746d11721c4dcdbdad8f713fa42b33f4 -> 
  custom:audio-encoder-webm-vorbis: bf7c407c2cedff20999df2af8eb42d56 -> 
  custom:framework-win-MediaFoundation: 216162199b28c13a410421893ffa2e32 -> 
  custom:container-demuxer-ogg: 62fdf1f143b41e24485cea50d1cbac27 -> 
  custom:video-decoder-webm-vp8: 9c59270c3fd7afecdb556c50c9e8de78 -> 
  custom:audio-decoder-ogg-vorbis: bf7c407c2cedff20999df2af8eb42d56 -> 
========================================================================
Received Prepare
Registering precompiled user dll's ...
Registered in 0.008315 seconds.
Begin MonoManager ReloadAssembly
Symbol file LoadedFromMemory doesn't match image C:\Users\aiden\Kitten-Enterprice\Kitten Enterprise\Library\PackageCache\com.unity.visualscripting@1.7.6\Editor\VisualScripting.Core\Dependencies\YamlDotNet\Unity.VisualScripting.YamlDotNet.dll
Symbol file LoadedFromMemory doesn't match image C:\Users\aiden\Kitten-Enterprice\Kitten Enterprise\Library\PackageCache\com.unity.visualscripting@1.7.6\Editor\VisualScripting.Core\Dependencies\DotNetZip\Unity.VisualScripting.IonicZip.dll
Native extension for WindowsStandalone target not found
Refreshing native plugins compatible for Editor in 0.71 ms, found 3 plugins.
Preloading 0 native plugins for Editor in 0.00 ms.
Mono: successfully reloaded assembly
- Completed reload, in  1.258 seconds
Domain Reload Profiling:
	ReloadAssembly (1259ms)
		BeginReloadAssembly (136ms)
			ExecutionOrderSort (0ms)
			DisableScriptedObjects (5ms)
			BackupInstance (0ms)
			ReleaseScriptingObjects (0ms)
			CreateAndSetChildDomain (40ms)
		EndReloadAssembly (1030ms)
			LoadAssemblies (81ms)
			RebuildTransferFunctionScriptingTraits (0ms)
			SetupTypeCache (316ms)
			ReleaseScriptCaches (1ms)
			RebuildScriptCaches (62ms)
			SetupLoadedEditorAssemblies (483ms)
				LogAssemblyErrors (0ms)
				InitializePlatformSupportModulesInManaged (18ms)
				SetLoadedEditorAssemblies (1ms)
				RefreshPlugins (1ms)
				BeforeProcessingInitializeOnLoad (85ms)
				ProcessInitializeOnLoadAttributes (338ms)
				ProcessInitializeOnLoadMethodAttributes (27ms)
				AfterProcessingInitializeOnLoad (13ms)
				EditorAssembliesLoaded (0ms)
			ExecutionOrderSort2 (0ms)
			AwakeInstancesAfterBackupRestoration (6ms)
Platform modules already initialized, skipping
Refreshing native plugins compatible for Editor in 1.38 ms, found 3 plugins.
Preloading 0 native plugins for Editor in 0.00 ms.
Unloading 3715 Unused Serialized files (Serialized files now loaded: 0)
Unloading 24 unused Assets / (150.0 KB). Loaded Objects now: 4273.
Memory consumption went from 137.5 MB to 137.4 MB.
Total: 4.696400 ms (FindLiveObjects: 0.344600 ms CreateObjectMapping: 0.487200 ms MarkObjects: 3.672300 ms  DeleteObjects: 0.190500 ms)

AssetImportParameters requested are different than current active one (requested -> active):
  custom:video-decoder-ogg-theora: a1e56fd34408186e4bbccfd4996cb3dc -> 
  custom:container-muxer-webm: aa71ff27fc2769a1b78a27578f13a17b -> 
  custom:container-demuxer-webm: 4f35f7cbe854078d1ac9338744f61a02 -> 
  custom:video-encoder-webm-vp8: eb34c28f22e8b96e1ab97ce403110664 -> 
  custom:video-codec-MediaFoundation-h265: 746d11721c4dcdbdad8f713fa42b33f4 -> 
  custom:audio-encoder-webm-vorbis: bf7c407c2cedff20999df2af8eb42d56 -> 
  custom:framework-win-MediaFoundation: 216162199b28c13a410421893ffa2e32 -> 
  custom:container-demuxer-ogg: 62fdf1f143b41e24485cea50d1cbac27 -> 
  custom:video-decoder-webm-vp8: 9c59270c3fd7afecdb556c50c9e8de78 -> 
  custom:audio-decoder-ogg-vorbis: bf7c407c2cedff20999df2af8eb42d56 -> 
========================================================================
Received Import Request.
  Time since last request: 446.167588 seconds.
  path: Assets/Player/CameraController.cs
  artifactKey: Guid(165485df94ba24544b98a1bf49b42755) Importer(815301076,1909f56bfc062723c751e8b465ee728b)
Start importing Assets/Player/CameraController.cs using Guid(165485df94ba24544b98a1bf49b42755) Importer(815301076,1909f56bfc062723c751e8b465ee728b)  -> (artifact id: '91bff37c9b3b910f6b488f7d72e4d379') in 0.011434 seconds 
========================================================================
Received Import Request.
  Time since last request: 6.387816 seconds.
  path: Assets/Player/CameraController.cs
  artifactKey: Guid(165485df94ba24544b98a1bf49b42755) Importer(815301076,1909f56bfc062723c751e8b465ee728b)
Start importing Assets/Player/CameraController.cs using Guid(165485df94ba24544b98a1bf49b42755) Importer(815301076,1909f56bfc062723c751e8b465ee728b)  -> (artifact id: '8eb7e2516d64092a8b124bb68d93e1ad') in 0.002709 seconds 
========================================================================
Received Prepare
Registering precompiled user dll's ...
Registered in 0.012720 seconds.
Begin MonoManager ReloadAssembly
Symbol file LoadedFromMemory doesn't match image C:\Users\aiden\Kitten-Enterprice\Kitten Enterprise\Library\PackageCache\com.unity.visualscripting@1.7.6\Editor\VisualScripting.Core\Dependencies\YamlDotNet\Unity.VisualScripting.YamlDotNet.dll
Symbol file LoadedFromMemory doesn't match image C:\Users\aiden\Kitten-Enterprice\Kitten Enterprise\Library\PackageCache\com.unity.visualscripting@1.7.6\Editor\VisualScripting.Core\Dependencies\DotNetZip\Unity.VisualScripting.IonicZip.dll
Native extension for WindowsStandalone target not found
Refreshing native plugins compatible for Editor in 0.53 ms, found 3 plugins.
Preloading 0 native plugins for Editor in 0.00 ms.
Mono: successfully reloaded assembly
- Completed reload, in  0.950 seconds
Domain Reload Profiling:
	ReloadAssembly (950ms)
		BeginReloadAssembly (140ms)
			ExecutionOrderSort (0ms)
			DisableScriptedObjects (5ms)
			BackupInstance (0ms)
			ReleaseScriptingObjects (0ms)
			CreateAndSetChildDomain (36ms)
		EndReloadAssembly (715ms)
			LoadAssemblies (87ms)
			RebuildTransferFunctionScriptingTraits (0ms)
			SetupTypeCache (224ms)
			ReleaseScriptCaches (1ms)
			RebuildScriptCaches (39ms)
			SetupLoadedEditorAssemblies (344ms)
				LogAssemblyErrors (0ms)
				InitializePlatformSupportModulesInManaged (12ms)
				SetLoadedEditorAssemblies (0ms)
				RefreshPlugins (1ms)
				BeforeProcessingInitializeOnLoad (63ms)
				ProcessInitializeOnLoadAttributes (237ms)
				ProcessInitializeOnLoadMethodAttributes (21ms)
				AfterProcessingInitializeOnLoad (9ms)
				EditorAssembliesLoaded (0ms)
			ExecutionOrderSort2 (0ms)
			AwakeInstancesAfterBackupRestoration (5ms)
Platform modules already initialized, skipping
Refreshing native plugins compatible for Editor in 0.58 ms, found 3 plugins.
Preloading 0 native plugins for Editor in 0.00 ms.
Unloading 3715 Unused Serialized files (Serialized files now loaded: 0)
Unloading 24 unused Assets / (149.9 KB). Loaded Objects now: 4287.
Memory consumption went from 137.5 MB to 137.4 MB.
Total: 2.953000 ms (FindLiveObjects: 0.360600 ms CreateObjectMapping: 0.220800 ms MarkObjects: 2.303200 ms  DeleteObjects: 0.067600 ms)

AssetImportParameters requested are different than current active one (requested -> active):
  custom:video-decoder-ogg-theora: a1e56fd34408186e4bbccfd4996cb3dc -> 
  custom:container-muxer-webm: aa71ff27fc2769a1b78a27578f13a17b -> 
  custom:container-demuxer-webm: 4f35f7cbe854078d1ac9338744f61a02 -> 
  custom:video-encoder-webm-vp8: eb34c28f22e8b96e1ab97ce403110664 -> 
  custom:video-codec-MediaFoundation-h265: 746d11721c4dcdbdad8f713fa42b33f4 -> 
  custom:audio-encoder-webm-vorbis: bf7c407c2cedff20999df2af8eb42d56 -> 
  custom:framework-win-MediaFoundation: 216162199b28c13a410421893ffa2e32 -> 
  custom:container-demuxer-ogg: 62fdf1f143b41e24485cea50d1cbac27 -> 
  custom:video-decoder-webm-vp8: 9c59270c3fd7afecdb556c50c9e8de78 -> 
  custom:audio-decoder-ogg-vorbis: bf7c407c2cedff20999df2af8eb42d56 -> 
========================================================================
Received Import Request.
  Time since last request: 146.313563 seconds.
  path: Assets/LevelKitbash/SM_Box2x2.fbx
  artifactKey: Guid(8f40ad52171500f44abc9e75d0cd7d71) Importer(815301076,1909f56bfc062723c751e8b465ee728b)
Start importing Assets/LevelKitbash/SM_Box2x2.fbx using Guid(8f40ad52171500f44abc9e75d0cd7d71) Importer(815301076,1909f56bfc062723c751e8b465ee728b)  -> (artifact id: '168c12a0aa26788f0514772e9b239e3e') in 0.171262 seconds 
========================================================================
Received Import Request.
  Time since last request: 0.000030 seconds.
  path: Assets/LevelKitbash/SM_RailingWithoutEnd.fbx
  artifactKey: Guid(9447107a831ff9a4aa993cad261a0660) Importer(815301076,1909f56bfc062723c751e8b465ee728b)
Start importing Assets/LevelKitbash/SM_RailingWithoutEnd.fbx using Guid(9447107a831ff9a4aa993cad261a0660) Importer(815301076,1909f56bfc062723c751e8b465ee728b)  -> (artifact id: '1d9276448a1d7d802a72084f1ef13cfa') in 0.033830 seconds 
========================================================================
Received Import Request.
  Time since last request: 0.000029 seconds.
  path: Assets/LevelKitbash/SM_Stairs1x1.fbx
  artifactKey: Guid(118fb676f47c9a446b1682f31db6b3f9) Importer(815301076,1909f56bfc062723c751e8b465ee728b)
Start importing Assets/LevelKitbash/SM_Stairs1x1.fbx using Guid(118fb676f47c9a446b1682f31db6b3f9) Importer(815301076,1909f56bfc062723c751e8b465ee728b)  -> (artifact id: 'b38b7597b072c8e828154b49220c5723') in 0.036247 seconds 
========================================================================
Received Import Request.
  Time since last request: 0.000022 seconds.
  path: Assets/LevelKitbash/SM_Cube05x05.fbx
  artifactKey: Guid(0ba687dbf9765ab4fb55cc3d68d91548) Importer(815301076,1909f56bfc062723c751e8b465ee728b)
Start importing Assets/LevelKitbash/SM_Cube05x05.fbx using Guid(0ba687dbf9765ab4fb55cc3d68d91548) Importer(815301076,1909f56bfc062723c751e8b465ee728b)  -> (artifact id: '9b943409a0a0383455082b8c07b86460') in 0.032102 seconds 
========================================================================
Received Import Request.
  Time since last request: 0.000055 seconds.
  path: Assets/LevelKitbash/SM_PinballFlipper.fbx
  artifactKey: Guid(a12479a175b84fc46b7a49a3c78b001e) Importer(815301076,1909f56bfc062723c751e8b465ee728b)
Start importing Assets/LevelKitbash/SM_PinballFlipper.fbx using Guid(a12479a175b84fc46b7a49a3c78b001e) Importer(815301076,1909f56bfc062723c751e8b465ee728b)  -> (artifact id: 'febdbdc33097623a63c8482a19e5f243') in 0.036885 seconds 
========================================================================
Received Import Request.
  Time since last request: 0.000034 seconds.
  path: Assets/LevelKitbash/SM_RailingCorner.fbx
  artifactKey: Guid(dc4f0120139f6c942854263f3c872daa) Importer(815301076,1909f56bfc062723c751e8b465ee728b)
Start importing Assets/LevelKitbash/SM_RailingCorner.fbx using Guid(dc4f0120139f6c942854263f3c872daa) Importer(815301076,1909f56bfc062723c751e8b465ee728b)  -> (artifact id: '223fd166f64154cdee612b72228ff4cf') in 0.027916 seconds 
========================================================================
Received Import Request.
  Time since last request: 0.000025 seconds.
  path: Assets/LevelKitbash/SM_Spool05x05x06.fbx
  artifactKey: Guid(e596c6fc5ae7a5948b9e5d15566ce819) Importer(815301076,1909f56bfc062723c751e8b465ee728b)
Start importing Assets/LevelKitbash/SM_Spool05x05x06.fbx using Guid(e596c6fc5ae7a5948b9e5d15566ce819) Importer(815301076,1909f56bfc062723c751e8b465ee728b)  -> (artifact id: '1c99ae9c3a84f9aae2324b406385817b') in 0.032954 seconds 
========================================================================
Received Import Request.
  Time since last request: 0.000041 seconds.
  path: Assets/LevelKitbash/SM_RailingWithEnd.fbx
  artifactKey: Guid(4233b541deaf22e45b4d88980766040c) Importer(815301076,1909f56bfc062723c751e8b465ee728b)
Start importing Assets/LevelKitbash/SM_RailingWithEnd.fbx using Guid(4233b541deaf22e45b4d88980766040c) Importer(815301076,1909f56bfc062723c751e8b465ee728b)  -> (artifact id: 'bb60005835aa59288e95815af2388a8d') in 0.030526 seconds 
========================================================================
Received Import Request.
  Time since last request: 0.000033 seconds.
  path: Assets/LevelKitbash/SM_TubeShort.fbx
  artifactKey: Guid(dffae24a0fc68aa4286eab37a4c05ff9) Importer(815301076,1909f56bfc062723c751e8b465ee728b)
Start importing Assets/LevelKitbash/SM_TubeShort.fbx using Guid(dffae24a0fc68aa4286eab37a4c05ff9) Importer(815301076,1909f56bfc062723c751e8b465ee728b)  -> (artifact id: 'ea37488cfcf061533d1e69356d3a1d5d') in 0.028853 seconds 
========================================================================
Received Import Request.
  Time since last request: 0.000027 seconds.
  path: Assets/LevelKitbash/SM_TubeLong.fbx
  artifactKey: Guid(1d860913f26454b4998ef4f72f01dd8d) Importer(815301076,1909f56bfc062723c751e8b465ee728b)
Start importing Assets/LevelKitbash/SM_TubeLong.fbx using Guid(1d860913f26454b4998ef4f72f01dd8d) Importer(815301076,1909f56bfc062723c751e8b465ee728b)  -> (artifact id: 'a249dea644e52b431d8a2f5c533a1856') in 0.023396 seconds 
========================================================================
Received Import Request.
  Time since last request: 730.026578 seconds.
  path: Assets/Level Building Blocks/Gravity/GravityController.prefab
  artifactKey: Guid(23893f3a09e3ada45877e0bb0c3147b2) Importer(815301076,1909f56bfc062723c751e8b465ee728b)
Start importing Assets/Level Building Blocks/Gravity/GravityController.prefab using Guid(23893f3a09e3ada45877e0bb0c3147b2) Importer(815301076,1909f56bfc062723c751e8b465ee728b)  -> (artifact id: '2b294edf1c7264b2588ce1ae85f1110f') in 0.014590 seconds 
========================================================================
Received Import Request.
  Time since last request: 0.000037 seconds.
  path: Assets/LevelKitbash/PinballKitbashRender.png
  artifactKey: Guid(6cada395dc6c9634e81a3038eecac1a8) Importer(815301076,1909f56bfc062723c751e8b465ee728b)
Start importing Assets/LevelKitbash/PinballKitbashRender.png using Guid(6cada395dc6c9634e81a3038eecac1a8) Importer(815301076,1909f56bfc062723c751e8b465ee728b)  -> (artifact id: '9ef0230b07fd8f6a7afd85c96b1410b3') in 0.086497 seconds 
========================================================================
Received Import Request.
  Time since last request: 0.000040 seconds.
  path: Assets/LevelKitbash/KitbashRenderV2.png
  artifactKey: Guid(dd24c9987500a7c40b8117c860a01668) Importer(815301076,1909f56bfc062723c751e8b465ee728b)
Start importing Assets/LevelKitbash/KitbashRenderV2.png using Guid(dd24c9987500a7c40b8117c860a01668) Importer(815301076,1909f56bfc062723c751e8b465ee728b)  -> (artifact id: '0a0df51db9bb9880b28be44f149b1079') in 0.023620 seconds 
Editor requested this worker to shutdown with reason: Scaling down because of idle timeout
AssetImportWorker is now disconnected from the server
Process exiting
Exiting without the bug reporter. Application will terminate with return code 0